
bb_init()
    conn:
    proto_major = 7
    proto_minor = 35
    async_read = 1
    max_write = 131072
    max_readahead = 131072
    capable = 00000ffb
    want = 00000010
    max_background = 0
    congestion_threshold = 0
    context:
    fuse = da9257b0
    uid = 0
    gid = 0
    pid = 0
    private_data = da9242a0
    logfile = da9252d0
    rootdir = /home/faishol01/sharesp221/faishol01/fuse-tutorial-2018-02-04/example/rootdir
    umask = 00000

bb_getattr(path="/", statbuf=0x5d814c10)
    bb_fullpath:  rootdir = "/home/faishol01/sharesp221/faishol01/fuse-tutorial-2018-02-04/example/rootdir", path = "/", fpath = "/home/faishol01/sharesp221/faishol01/fuse-tutorial-2018-02-04/example/rootdir/"
    lstat returned 0
    si:
    st_dev = 2050
    st_ino = 793388
    st_mode = 040755
    st_nlink = 2
    st_uid = 1000
    st_gid = 1000
    st_rdev = 0
    st_size = 4096
    st_blksize = 4096
    st_blocks = 8
    st_atime = 0x6224fd08
    st_mtime = 0x6224fc5b
    st_ctime = 0x6224fc5b

bb_access(path="/", mask=01)
    bb_fullpath:  rootdir = "/home/faishol01/sharesp221/faishol01/fuse-tutorial-2018-02-04/example/rootdir", path = "/", fpath = "/home/faishol01/sharesp221/faishol01/fuse-tutorial-2018-02-04/example/rootdir/"

bb_opendir(path="/", fi=0x5d814c30)
    bb_fullpath:  rootdir = "/home/faishol01/sharesp221/faishol01/fuse-tutorial-2018-02-04/example/rootdir", path = "/", fpath = "/home/faishol01/sharesp221/faishol01/fuse-tutorial-2018-02-04/example/rootdir/"
    opendir returned 0x0x7faf58002050
    fi:
    flags = 0x00018800
    fh_old = 0x00000000
    writepage = 0
    direct_io = 0
    keep_cache = 0
    fh = 0x00007faf58002050
    lock_owner = 0x0000000000000000

bb_readdir(path="/", buf=0x58001fd0, filler=0x5da3aac0, offset=0, fi=0x5cff1c30)
    readdir returned 0x0x7faf58002080
calling filler with name bogus.txt
calling filler with name ..
calling filler with name .
    fi:
    flags = 0x00000000
    fh_old = 0x7faf58002050
    writepage = 0
    direct_io = 0
    keep_cache = 0
    fh = 0x00007faf58002050
    lock_owner = 0x0000000000000000

bb_getattr(path="/bogus.txt", statbuf=0x5d814c40)
    bb_fullpath:  rootdir = "/home/faishol01/sharesp221/faishol01/fuse-tutorial-2018-02-04/example/rootdir", path = "/bogus.txt", fpath = "/home/faishol01/sharesp221/faishol01/fuse-tutorial-2018-02-04/example/rootdir/bogus.txt"
    lstat returned 0
    si:
    st_dev = 2050
    st_ino = 793389
    st_mode = 0100644
    st_nlink = 1
    st_uid = 1000
    st_gid = 1000
    st_rdev = 0
    st_size = 15
    st_blksize = 4096
    st_blocks = 8
    st_atime = 0x6224fbe4
    st_mtime = 0x6224fc5b
    st_ctime = 0x6224fc5b

bb_releasedir(path="/", fi=0x5d814c30)
    fi:
    flags = 0x00000000
    fh_old = 0x7faf58002050
    writepage = 0
    direct_io = 0
    keep_cache = 0
    fh = 0x00007faf58002050
    lock_owner = 0x0000000000000000

bb_getattr(path="/bogus.txt", statbuf=0x5cff1c40)
    bb_fullpath:  rootdir = "/home/faishol01/sharesp221/faishol01/fuse-tutorial-2018-02-04/example/rootdir", path = "/bogus.txt", fpath = "/home/faishol01/sharesp221/faishol01/fuse-tutorial-2018-02-04/example/rootdir/bogus.txt"
    lstat returned 0
    si:
    st_dev = 2050
    st_ino = 793389
    st_mode = 0100644
    st_nlink = 1
    st_uid = 1000
    st_gid = 1000
    st_rdev = 0
    st_size = 15
    st_blksize = 4096
    st_blocks = 8
    st_atime = 0x6224fbe4
    st_mtime = 0x6224fc5b
    st_ctime = 0x6224fc5b

bb_open(path"/bogus.txt", fi=0x5d814cf0)
    bb_fullpath:  rootdir = "/home/faishol01/sharesp221/faishol01/fuse-tutorial-2018-02-04/example/rootdir", path = "/bogus.txt", fpath = "/home/faishol01/sharesp221/faishol01/fuse-tutorial-2018-02-04/example/rootdir/bogus.txt"
    open returned 5
    fi:
    flags = 0x00008000
    fh_old = 0x00000000
    writepage = 0
    direct_io = 0
    keep_cache = 0
    fh = 0x0000000000000005
    lock_owner = 0x0000000000000000

bb_read(path="/bogus.txt", buf=0x500013e0, size=4096, offset=0, fi=0x5cff1cf0)
    fi:
    flags = 0x00008000
    fh_old = 0x00000005
    writepage = 0
    direct_io = 0
    keep_cache = 0
    fh = 0x0000000000000005
    lock_owner = 0x0000000000000000
    pread returned 15

bb_flush(path="/bogus.txt", fi=0x5d814cf0)
    fi:
    flags = 0x00000000
    fh_old = 0x00000005
    writepage = 0
    direct_io = 0
    keep_cache = 0
    fh = 0x0000000000000005
    lock_owner = 0x8b830e21e41f24c5

bb_release(path="/bogus.txt", fi=0x5cff1cf0)
    fi:
    flags = 0x00008000
    fh_old = 0x00000005
    writepage = 0
    direct_io = 0
    keep_cache = 0
    fh = 0x0000000000000005
    lock_owner = 0x0000000000000000
    close returned 0

bb_getattr(path="/bogus.txt", statbuf=0x5d814c40)
    bb_fullpath:  rootdir = "/home/faishol01/sharesp221/faishol01/fuse-tutorial-2018-02-04/example/rootdir", path = "/bogus.txt", fpath = "/home/faishol01/sharesp221/faishol01/fuse-tutorial-2018-02-04/example/rootdir/bogus.txt"
    lstat returned 0
    si:
    st_dev = 2050
    st_ino = 793389
    st_mode = 0100644
    st_nlink = 1
    st_uid = 1000
    st_gid = 1000
    st_rdev = 0
    st_size = 15
    st_blksize = 4096
    st_blocks = 8
    st_atime = 0x6224fd21
    st_mtime = 0x6224fc5b
    st_ctime = 0x6224fc5b

bb_access(path="/bogus.txt", mask=02)
    bb_fullpath:  rootdir = "/home/faishol01/sharesp221/faishol01/fuse-tutorial-2018-02-04/example/rootdir", path = "/bogus.txt", fpath = "/home/faishol01/sharesp221/faishol01/fuse-tutorial-2018-02-04/example/rootdir/bogus.txt"
bb_unlink(path="/bogus.txt")
    bb_fullpath:  rootdir = "/home/faishol01/sharesp221/faishol01/fuse-tutorial-2018-02-04/example/rootdir", path = "/bogus.txt", fpath = "/home/faishol01/sharesp221/faishol01/fuse-tutorial-2018-02-04/example/rootdir/bogus.txt"
    unlink returned 0

bb_getattr(path="/bukan_bogus.txt", statbuf=0x5d814c40)
    bb_fullpath:  rootdir = "/home/faishol01/sharesp221/faishol01/fuse-tutorial-2018-02-04/example/rootdir", path = "/bukan_bogus.txt", fpath = "/home/faishol01/sharesp221/faishol01/fuse-tutorial-2018-02-04/example/rootdir/bukan_bogus.txt"
    lstat returned -1
    ERROR lstat: No such file or directory
    si:
    st_dev = 0
    st_ino = 0
    st_mode = 00
    st_nlink = 0
    st_uid = 0
    st_gid = 0
    st_rdev = 0
    st_size = 0
    st_blksize = 0
    st_blocks = 0
    st_atime = 0x00000000
    st_mtime = 0x00000000
    st_ctime = 0x00000000

bb_mknod(path="/bukan_bogus.txt", mode=0100644, dev=0)
    bb_fullpath:  rootdir = "/home/faishol01/sharesp221/faishol01/fuse-tutorial-2018-02-04/example/rootdir", path = "/bukan_bogus.txt", fpath = "/home/faishol01/sharesp221/faishol01/fuse-tutorial-2018-02-04/example/rootdir/bukan_bogus.txt"
    open returned 5
    close returned 0

bb_getattr(path="/bukan_bogus.txt", statbuf=0x5d814c40)
    bb_fullpath:  rootdir = "/home/faishol01/sharesp221/faishol01/fuse-tutorial-2018-02-04/example/rootdir", path = "/bukan_bogus.txt", fpath = "/home/faishol01/sharesp221/faishol01/fuse-tutorial-2018-02-04/example/rootdir/bukan_bogus.txt"
    lstat returned 0
    si:
    st_dev = 2050
    st_ino = 793389
    st_mode = 0100644
    st_nlink = 1
    st_uid = 1000
    st_gid = 1000
    st_rdev = 0
    st_size = 0
    st_blksize = 4096
    st_blocks = 0
    st_atime = 0x6224fd38
    st_mtime = 0x6224fd38
    st_ctime = 0x6224fd38

bb_open(path"/bukan_bogus.txt", fi=0x5cff1cf0)
    bb_fullpath:  rootdir = "/home/faishol01/sharesp221/faishol01/fuse-tutorial-2018-02-04/example/rootdir", path = "/bukan_bogus.txt", fpath = "/home/faishol01/sharesp221/faishol01/fuse-tutorial-2018-02-04/example/rootdir/bukan_bogus.txt"
    open returned 5
    fi:
    flags = 0x00008401
    fh_old = 0x00000000
    writepage = 0
    direct_io = 0
    keep_cache = 0
    fh = 0x0000000000000005
    lock_owner = 0x0000000000000000

bb_flush(path="/bukan_bogus.txt", fi=0x5d814cf0)
    fi:
    flags = 0x00000000
    fh_old = 0x00000005
    writepage = 0
    direct_io = 0
    keep_cache = 0
    fh = 0x0000000000000005
    lock_owner = 0x11a3b8f053246135

bb_getxattr(path = "/bukan_bogus.txt", name = "security.capability", value = 0x00000000, size = 0)
    bb_fullpath:  rootdir = "/home/faishol01/sharesp221/faishol01/fuse-tutorial-2018-02-04/example/rootdir", path = "/bukan_bogus.txt", fpath = "/home/faishol01/sharesp221/faishol01/fuse-tutorial-2018-02-04/example/rootdir/bukan_bogus.txt"
    lgetxattr returned -1
    ERROR lgetxattr: No data available

bb_write(path="/bukan_bogus.txt", buf=0x5d816060, size=15, offset=0, fi=0x5d814d50)
    fi:
    flags = 0x00008401
    fh_old = 0x00000005
    writepage = 0
    direct_io = 0
    keep_cache = 0
    fh = 0x0000000000000005
    lock_owner = 0x0000000000000000
    pwrite returned 15

bb_flush(path="/bukan_bogus.txt", fi=0x5cff1cf0)
    fi:
    flags = 0x00000000
    fh_old = 0x00000005
    writepage = 0
    direct_io = 0
    keep_cache = 0
    fh = 0x0000000000000005
    lock_owner = 0x11a3b8f053246135

bb_release(path="/bukan_bogus.txt", fi=0x5d814cf0)
    fi:
    flags = 0x00008401
    fh_old = 0x00000005
    writepage = 0
    direct_io = 0
    keep_cache = 0
    fh = 0x0000000000000005
    lock_owner = 0x0000000000000000
    close returned 0

bb_opendir(path="/", fi=0x5cff1c30)
    bb_fullpath:  rootdir = "/home/faishol01/sharesp221/faishol01/fuse-tutorial-2018-02-04/example/rootdir", path = "/", fpath = "/home/faishol01/sharesp221/faishol01/fuse-tutorial-2018-02-04/example/rootdir/"
    opendir returned 0x0x7faf50001610
    fi:
    flags = 0x00018800
    fh_old = 0x00000000
    writepage = 0
    direct_io = 0
    keep_cache = 0
    fh = 0x00007faf50001610
    lock_owner = 0x0000000000000000

bb_getattr(path="/", statbuf=0x5d814c10)
    bb_fullpath:  rootdir = "/home/faishol01/sharesp221/faishol01/fuse-tutorial-2018-02-04/example/rootdir", path = "/", fpath = "/home/faishol01/sharesp221/faishol01/fuse-tutorial-2018-02-04/example/rootdir/"
    lstat returned 0
    si:
    st_dev = 2050
    st_ino = 793388
    st_mode = 040755
    st_nlink = 2
    st_uid = 1000
    st_gid = 1000
    st_rdev = 0
    st_size = 4096
    st_blksize = 4096
    st_blocks = 8
    st_atime = 0x6224fd08
    st_mtime = 0x6224fd38
    st_ctime = 0x6224fd38

bb_readdir(path="/", buf=0x50001590, filler=0x5da3aac0, offset=0, fi=0x5cff1c30)
    readdir returned 0x0x7faf50001640
calling filler with name bukan_bogus.txt
calling filler with name ..
calling filler with name .
    fi:
    flags = 0x00000000
    fh_old = 0x7faf50001610
    writepage = 0
    direct_io = 0
    keep_cache = 0
    fh = 0x00007faf50001610
    lock_owner = 0x0000000000000000

bb_getattr(path="/bukan_bogus.txt", statbuf=0x5d814c40)
    bb_fullpath:  rootdir = "/home/faishol01/sharesp221/faishol01/fuse-tutorial-2018-02-04/example/rootdir", path = "/bukan_bogus.txt", fpath = "/home/faishol01/sharesp221/faishol01/fuse-tutorial-2018-02-04/example/rootdir/bukan_bogus.txt"
    lstat returned 0
    si:
    st_dev = 2050
    st_ino = 793389
    st_mode = 0100644
    st_nlink = 1
    st_uid = 1000
    st_gid = 1000
    st_rdev = 0
    st_size = 15
    st_blksize = 4096
    st_blocks = 8
    st_atime = 0x6224fd38
    st_mtime = 0x6224fd38
    st_ctime = 0x6224fd38

bb_releasedir(path="/", fi=0x5d814c30)
    fi:
    flags = 0x00000000
    fh_old = 0x7faf50001610
    writepage = 0
    direct_io = 0
    keep_cache = 0
    fh = 0x00007faf50001610
    lock_owner = 0x0000000000000000

bb_getattr(path="/", statbuf=0x5cff1c10)
    bb_fullpath:  rootdir = "/home/faishol01/sharesp221/faishol01/fuse-tutorial-2018-02-04/example/rootdir", path = "/", fpath = "/home/faishol01/sharesp221/faishol01/fuse-tutorial-2018-02-04/example/rootdir/"
    lstat returned 0
    si:
    st_dev = 2050
    st_ino = 793388
    st_mode = 040755
    st_nlink = 2
    st_uid = 1000
    st_gid = 1000
    st_rdev = 0
    st_size = 4096
    st_blksize = 4096
    st_blocks = 8
    st_atime = 0x6224fd3a
    st_mtime = 0x6224fd38
    st_ctime = 0x6224fd38

bb_getattr(path="/,,", statbuf=0x5d814c40)
    bb_fullpath:  rootdir = "/home/faishol01/sharesp221/faishol01/fuse-tutorial-2018-02-04/example/rootdir", path = "/,,", fpath = "/home/faishol01/sharesp221/faishol01/fuse-tutorial-2018-02-04/example/rootdir/,,"
    lstat returned -1
    ERROR lstat: No such file or directory
    si:
    st_dev = 0
    st_ino = 0
    st_mode = 00
    st_nlink = 0
    st_uid = 0
    st_gid = 0
    st_rdev = 0
    st_size = 0
    st_blksize = 0
    st_blocks = 0
    st_atime = 0x00000000
    st_mtime = 0x00000000
    st_ctime = 0x00000000

bb_getattr(path="/,,", statbuf=0x5cff1c40)
    bb_fullpath:  rootdir = "/home/faishol01/sharesp221/faishol01/fuse-tutorial-2018-02-04/example/rootdir", path = "/,,", fpath = "/home/faishol01/sharesp221/faishol01/fuse-tutorial-2018-02-04/example/rootdir/,,"
    lstat returned -1
    ERROR lstat: No such file or directory
    si:
    st_dev = 0
    st_ino = 0
    st_mode = 00
    st_nlink = 0
    st_uid = 0
    st_gid = 0
    st_rdev = 0
    st_size = 0
    st_blksize = 0
    st_blocks = 0
    st_atime = 0x00000000
    st_mtime = 0x00000000
    st_ctime = 0x00000000

bb_getattr(path="/,,", statbuf=0x5d814c40)
    bb_fullpath:  rootdir = "/home/faishol01/sharesp221/faishol01/fuse-tutorial-2018-02-04/example/rootdir", path = "/,,", fpath = "/home/faishol01/sharesp221/faishol01/fuse-tutorial-2018-02-04/example/rootdir/,,"
    lstat returned -1
    ERROR lstat: No such file or directory
    si:
    st_dev = 0
    st_ino = 0
    st_mode = 00
    st_nlink = 0
    st_uid = 0
    st_gid = 0
    st_rdev = 0
    st_size = 0
    st_blksize = 0
    st_blocks = 0
    st_atime = 0x00000000
    st_mtime = 0x00000000
    st_ctime = 0x00000000

bb_getattr(path="/", statbuf=0x5cff1c10)
    bb_fullpath:  rootdir = "/home/faishol01/sharesp221/faishol01/fuse-tutorial-2018-02-04/example/rootdir", path = "/", fpath = "/home/faishol01/sharesp221/faishol01/fuse-tutorial-2018-02-04/example/rootdir/"
    lstat returned 0
    si:
    st_dev = 2050
    st_ino = 793388
    st_mode = 040755
    st_nlink = 2
    st_uid = 1000
    st_gid = 1000
    st_rdev = 0
    st_size = 4096
    st_blksize = 4096
    st_blocks = 8
    st_atime = 0x6224fd3a
    st_mtime = 0x6224fd38
    st_ctime = 0x6224fd38

bb_getattr(path="/", statbuf=0x5d814c10)
    bb_fullpath:  rootdir = "/home/faishol01/sharesp221/faishol01/fuse-tutorial-2018-02-04/example/rootdir", path = "/", fpath = "/home/faishol01/sharesp221/faishol01/fuse-tutorial-2018-02-04/example/rootdir/"
    lstat returned 0
    si:
    st_dev = 2050
    st_ino = 793388
    st_mode = 040755
    st_nlink = 2
    st_uid = 1000
    st_gid = 1000
    st_rdev = 0
    st_size = 4096
    st_blksize = 4096
    st_blocks = 8
    st_atime = 0x6224fd3a
    st_mtime = 0x6224fd38
    st_ctime = 0x6224fd38

bb_destroy(userdata=0xda9242a0)
