
bb_init()
    conn:
    proto_major = 7
    proto_minor = 35
    async_read = 1
    max_write = 131072
    max_readahead = 131072
    capable = 00000ffb
    want = 00000010
    max_background = 0
    congestion_threshold = 0
    context:
    fuse = dd0957d0
    uid = 0
    gid = 0
    pid = 0
    private_data = dd0942a0
    logfile = dd0952d0
    rootdir = /home/shafiraputri01/git/sharesp221/shafiraputri01/fuse-tutorial-2018-02-04/example/rootdir
    umask = 00000

bb_getattr(path="/", statbuf=0x3f9d4c10)
    bb_fullpath:  rootdir = "/home/shafiraputri01/git/sharesp221/shafiraputri01/fuse-tutorial-2018-02-04/example/rootdir", path = "/", fpath = "/home/shafiraputri01/git/sharesp221/shafiraputri01/fuse-tutorial-2018-02-04/example/rootdir/"
    lstat returned 0
    si:
    st_dev = 2050
    st_ino = 526002
    st_mode = 040755
    st_nlink = 2
    st_uid = 1000
    st_gid = 1000
    st_rdev = 0
    st_size = 4096
    st_blksize = 4096
    st_blocks = 8
    st_atime = 0x62257ac9
    st_mtime = 0x62257972
    st_ctime = 0x62257972

bb_getxattr(path = "/", name = "security.selinux", value = 0x30000c30, size = 255)
    bb_fullpath:  rootdir = "/home/shafiraputri01/git/sharesp221/shafiraputri01/fuse-tutorial-2018-02-04/example/rootdir", path = "/", fpath = "/home/shafiraputri01/git/sharesp221/shafiraputri01/fuse-tutorial-2018-02-04/example/rootdir/"
    lgetxattr returned -1
    ERROR lgetxattr: No data available

bb_getxattr(path = "/", name = "system.posix_acl_access", value = 0x00000000, size = 0)
    bb_fullpath:  rootdir = "/home/shafiraputri01/git/sharesp221/shafiraputri01/fuse-tutorial-2018-02-04/example/rootdir", path = "/", fpath = "/home/shafiraputri01/git/sharesp221/shafiraputri01/fuse-tutorial-2018-02-04/example/rootdir/"
    lgetxattr returned -1
    ERROR lgetxattr: No data available

bb_getxattr(path = "/", name = "system.posix_acl_default", value = 0x00000000, size = 0)
    bb_fullpath:  rootdir = "/home/shafiraputri01/git/sharesp221/shafiraputri01/fuse-tutorial-2018-02-04/example/rootdir", path = "/", fpath = "/home/shafiraputri01/git/sharesp221/shafiraputri01/fuse-tutorial-2018-02-04/example/rootdir/"
    lgetxattr returned -1
    ERROR lgetxattr: No data available

bb_opendir(path="/", fi=0x3f9d4c30)
    bb_fullpath:  rootdir = "/home/shafiraputri01/git/sharesp221/shafiraputri01/fuse-tutorial-2018-02-04/example/rootdir", path = "/", fpath = "/home/shafiraputri01/git/sharesp221/shafiraputri01/fuse-tutorial-2018-02-04/example/rootdir/"
    opendir returned 0x0x7fee380020e0
    fi:
    flags = 0x00018800
    fh_old = 0x00000000
    writepage = 0
    direct_io = 0
    keep_cache = 0
    fh = 0x00007fee380020e0
    lock_owner = 0x0000000000000000

bb_readdir(path="/", buf=0x38002060, filler=0x3fbf1ac0, offset=0, fi=0x3f1b1c30)
    readdir returned 0x0x7fee38002110
calling filler with name ..
calling filler with name .
calling filler with name bogus.txt
    fi:
    flags = 0x00000000
    fh_old = 0x7fee380020e0
    writepage = 0
    direct_io = 0
    keep_cache = 0
    fh = 0x00007fee380020e0
    lock_owner = 0x0000000000000000

bb_getattr(path="/bogus.txt", statbuf=0x3f9d4c40)
    bb_fullpath:  rootdir = "/home/shafiraputri01/git/sharesp221/shafiraputri01/fuse-tutorial-2018-02-04/example/rootdir", path = "/bogus.txt", fpath = "/home/shafiraputri01/git/sharesp221/shafiraputri01/fuse-tutorial-2018-02-04/example/rootdir/bogus.txt"
    lstat returned 0
    si:
    st_dev = 2050
    st_ino = 526003
    st_mode = 0100644
    st_nlink = 1
    st_uid = 1000
    st_gid = 1000
    st_rdev = 0
    st_size = 11
    st_blksize = 4096
    st_blocks = 8
    st_atime = 0x62257972
    st_mtime = 0x62257972
    st_ctime = 0x62257972

bb_getxattr(path = "/bogus.txt", name = "security.selinux", value = 0x30000c30, size = 255)
    bb_fullpath:  rootdir = "/home/shafiraputri01/git/sharesp221/shafiraputri01/fuse-tutorial-2018-02-04/example/rootdir", path = "/bogus.txt", fpath = "/home/shafiraputri01/git/sharesp221/shafiraputri01/fuse-tutorial-2018-02-04/example/rootdir/bogus.txt"
    lgetxattr returned -1
    ERROR lgetxattr: No data available

bb_getxattr(path = "/bogus.txt", name = "system.posix_acl_access", value = 0x00000000, size = 0)
    bb_fullpath:  rootdir = "/home/shafiraputri01/git/sharesp221/shafiraputri01/fuse-tutorial-2018-02-04/example/rootdir", path = "/bogus.txt", fpath = "/home/shafiraputri01/git/sharesp221/shafiraputri01/fuse-tutorial-2018-02-04/example/rootdir/bogus.txt"
    lgetxattr returned -1
    ERROR lgetxattr: No data available

bb_releasedir(path="/", fi=0x3f9d4c30)
    fi:
    flags = 0x00000000
    fh_old = 0x7fee380020e0
    writepage = 0
    direct_io = 0
    keep_cache = 0
    fh = 0x00007fee380020e0
    lock_owner = 0x0000000000000000

bb_getattr(path="/", statbuf=0x3f1b1c10)
    bb_fullpath:  rootdir = "/home/shafiraputri01/git/sharesp221/shafiraputri01/fuse-tutorial-2018-02-04/example/rootdir", path = "/", fpath = "/home/shafiraputri01/git/sharesp221/shafiraputri01/fuse-tutorial-2018-02-04/example/rootdir/"
    lstat returned 0
    si:
    st_dev = 2050
    st_ino = 526002
    st_mode = 040755
    st_nlink = 2
    st_uid = 1000
    st_gid = 1000
    st_rdev = 0
    st_size = 4096
    st_blksize = 4096
    st_blocks = 8
    st_atime = 0x62257ac9
    st_mtime = 0x62257972
    st_ctime = 0x62257972

bb_getattr(path="/", statbuf=0x3f9d4c10)
    bb_fullpath:  rootdir = "/home/shafiraputri01/git/sharesp221/shafiraputri01/fuse-tutorial-2018-02-04/example/rootdir", path = "/", fpath = "/home/shafiraputri01/git/sharesp221/shafiraputri01/fuse-tutorial-2018-02-04/example/rootdir/"
    lstat returned 0
    si:
    st_dev = 2050
    st_ino = 526002
    st_mode = 040755
    st_nlink = 2
    st_uid = 1000
    st_gid = 1000
    st_rdev = 0
    st_size = 4096
    st_blksize = 4096
    st_blocks = 8
    st_atime = 0x62257ac9
    st_mtime = 0x62257972
    st_ctime = 0x62257972

bb_getattr(path="/", statbuf=0x3f1b1c10)
    bb_fullpath:  rootdir = "/home/shafiraputri01/git/sharesp221/shafiraputri01/fuse-tutorial-2018-02-04/example/rootdir", path = "/", fpath = "/home/shafiraputri01/git/sharesp221/shafiraputri01/fuse-tutorial-2018-02-04/example/rootdir/"
    lstat returned 0
    si:
    st_dev = 2050
    st_ino = 526002
    st_mode = 040755
    st_nlink = 2
    st_uid = 1000
    st_gid = 1000
    st_rdev = 0
    st_size = 4096
    st_blksize = 4096
    st_blocks = 8
    st_atime = 0x62257ac9
    st_mtime = 0x62257972
    st_ctime = 0x62257972

bb_statfs(path="/", statv=0x3f9d4c70)
    bb_fullpath:  rootdir = "/home/shafiraputri01/git/sharesp221/shafiraputri01/fuse-tutorial-2018-02-04/example/rootdir", path = "/", fpath = "/home/shafiraputri01/git/sharesp221/shafiraputri01/fuse-tutorial-2018-02-04/example/rootdir/"
    statvfs returned 0
    sv:
    f_bsize = 4096
    f_frsize = 4096
    f_blocks = 3855330
    f_bfree = 2228247
    f_bavail = 2026955
    f_files = 987360
    f_ffree = 921806
    f_favail = 921806
    f_fsid = -8528970437657431686
    f_flag = 0x00001000
    f_namemax = 255

bb_getattr(path="/", statbuf=0x3f1b1c10)
    bb_fullpath:  rootdir = "/home/shafiraputri01/git/sharesp221/shafiraputri01/fuse-tutorial-2018-02-04/example/rootdir", path = "/", fpath = "/home/shafiraputri01/git/sharesp221/shafiraputri01/fuse-tutorial-2018-02-04/example/rootdir/"
    lstat returned 0
    si:
    st_dev = 2050
    st_ino = 526002
    st_mode = 040755
    st_nlink = 2
    st_uid = 1000
    st_gid = 1000
    st_rdev = 0
    st_size = 4096
    st_blksize = 4096
    st_blocks = 8
    st_atime = 0x62257ac9
    st_mtime = 0x62257972
    st_ctime = 0x62257972

bb_getxattr(path = "/", name = "security.selinux", value = 0x38001e30, size = 255)
    bb_fullpath:  rootdir = "/home/shafiraputri01/git/sharesp221/shafiraputri01/fuse-tutorial-2018-02-04/example/rootdir", path = "/", fpath = "/home/shafiraputri01/git/sharesp221/shafiraputri01/fuse-tutorial-2018-02-04/example/rootdir/"
    lgetxattr returned -1
    ERROR lgetxattr: No data available

bb_getxattr(path = "/", name = "system.posix_acl_access", value = 0x00000000, size = 0)
    bb_fullpath:  rootdir = "/home/shafiraputri01/git/sharesp221/shafiraputri01/fuse-tutorial-2018-02-04/example/rootdir", path = "/", fpath = "/home/shafiraputri01/git/sharesp221/shafiraputri01/fuse-tutorial-2018-02-04/example/rootdir/"
    lgetxattr returned -1
    ERROR lgetxattr: No data available

bb_getxattr(path = "/", name = "system.posix_acl_default", value = 0x00000000, size = 0)
    bb_fullpath:  rootdir = "/home/shafiraputri01/git/sharesp221/shafiraputri01/fuse-tutorial-2018-02-04/example/rootdir", path = "/", fpath = "/home/shafiraputri01/git/sharesp221/shafiraputri01/fuse-tutorial-2018-02-04/example/rootdir/"
    lgetxattr returned -1
    ERROR lgetxattr: No data available

bb_opendir(path="/", fi=0x3f1b1c30)
    bb_fullpath:  rootdir = "/home/shafiraputri01/git/sharesp221/shafiraputri01/fuse-tutorial-2018-02-04/example/rootdir", path = "/", fpath = "/home/shafiraputri01/git/sharesp221/shafiraputri01/fuse-tutorial-2018-02-04/example/rootdir/"
    opendir returned 0x0x7fee300016d0
    fi:
    flags = 0x00018800
    fh_old = 0x00000000
    writepage = 0
    direct_io = 0
    keep_cache = 0
    fh = 0x00007fee300016d0
    lock_owner = 0x0000000000000000

bb_readdir(path="/", buf=0x30001650, filler=0x3fbf1ac0, offset=0, fi=0x3f9d4c30)
    readdir returned 0x0x7fee30001700
calling filler with name ..
calling filler with name .
calling filler with name bogus.txt
    fi:
    flags = 0x00000000
    fh_old = 0x7fee300016d0
    writepage = 0
    direct_io = 0
    keep_cache = 0
    fh = 0x00007fee300016d0
    lock_owner = 0x0000000000000000

bb_getattr(path="/bogus.txt", statbuf=0x3f1b1c40)
    bb_fullpath:  rootdir = "/home/shafiraputri01/git/sharesp221/shafiraputri01/fuse-tutorial-2018-02-04/example/rootdir", path = "/bogus.txt", fpath = "/home/shafiraputri01/git/sharesp221/shafiraputri01/fuse-tutorial-2018-02-04/example/rootdir/bogus.txt"
    lstat returned 0
    si:
    st_dev = 2050
    st_ino = 526003
    st_mode = 0100644
    st_nlink = 1
    st_uid = 1000
    st_gid = 1000
    st_rdev = 0
    st_size = 11
    st_blksize = 4096
    st_blocks = 8
    st_atime = 0x62257972
    st_mtime = 0x62257972
    st_ctime = 0x62257972

bb_getxattr(path = "/bogus.txt", name = "security.selinux", value = 0x38001e30, size = 255)
    bb_fullpath:  rootdir = "/home/shafiraputri01/git/sharesp221/shafiraputri01/fuse-tutorial-2018-02-04/example/rootdir", path = "/bogus.txt", fpath = "/home/shafiraputri01/git/sharesp221/shafiraputri01/fuse-tutorial-2018-02-04/example/rootdir/bogus.txt"
    lgetxattr returned -1
    ERROR lgetxattr: No data available

bb_getxattr(path = "/bogus.txt", name = "system.posix_acl_access", value = 0x00000000, size = 0)
    bb_fullpath:  rootdir = "/home/shafiraputri01/git/sharesp221/shafiraputri01/fuse-tutorial-2018-02-04/example/rootdir", path = "/bogus.txt", fpath = "/home/shafiraputri01/git/sharesp221/shafiraputri01/fuse-tutorial-2018-02-04/example/rootdir/bogus.txt"
    lgetxattr returned -1
    ERROR lgetxattr: No data available

bb_releasedir(path="/", fi=0x3f1b1c30)
    fi:
    flags = 0x00000000
    fh_old = 0x7fee300016d0
    writepage = 0
    direct_io = 0
    keep_cache = 0
    fh = 0x00007fee300016d0
    lock_owner = 0x0000000000000000

bb_destroy(userdata=0xdd0942a0)
