
bb_init()
    conn:
    proto_major = 7
    proto_minor = 32
    async_read = 1
    max_write = 131072
    max_readahead = 131072
    capable = 00000ffb
    want = 00000010
    max_background = 0
    congestion_threshold = 0
    context:
    fuse = da45b7a0
    uid = 0
    gid = 0
    pid = 0
    private_data = da45a2a0
    logfile = da45b2d0
    rootdir = /home/sunnysani/mydemo/fuse/fuse-tutorial-2018-02-04/example/rootdir
    umask = 00000

bb_getattr(path="/", statbuf=0xe1d7cc10)
    bb_fullpath:  rootdir = "/home/sunnysani/mydemo/fuse/fuse-tutorial-2018-02-04/example/rootdir", path = "/", fpath = "/home/sunnysani/mydemo/fuse/fuse-tutorial-2018-02-04/example/rootdir/"
    lstat returned 0
    si:
    st_dev = 2050
    st_ino = 30705
    st_mode = 040755
    st_nlink = 2
    st_uid = 1000
    st_gid = 1000
    st_rdev = 0
    st_size = 4096
    st_blksize = 4096
    st_blocks = 8
    st_atime = 0x62257925
    st_mtime = 0x62257920
    st_ctime = 0x62257920

bb_statfs(path="/", statv=0xe1559c70)
    bb_fullpath:  rootdir = "/home/sunnysani/mydemo/fuse/fuse-tutorial-2018-02-04/example/rootdir", path = "/", fpath = "/home/sunnysani/mydemo/fuse/fuse-tutorial-2018-02-04/example/rootdir/"
    statvfs returned 0
    sv:
    f_bsize = 4096
    f_frsize = 4096
    f_blocks = 3855330
    f_bfree = 1536630
    f_bavail = 1335338
    f_files = 987360
    f_ffree = 754124
    f_favail = 754124
    f_fsid = -4444117892766780743
    f_flag = 0x00001000
    f_namemax = 255

bb_getattr(path="/Makefile", statbuf=0xe1d7cc40)
    bb_fullpath:  rootdir = "/home/sunnysani/mydemo/fuse/fuse-tutorial-2018-02-04/example/rootdir", path = "/Makefile", fpath = "/home/sunnysani/mydemo/fuse/fuse-tutorial-2018-02-04/example/rootdir/Makefile"
    lstat returned -1
    ERROR lstat: No such file or directory
    si:
    st_dev = 0
    st_ino = 0
    st_mode = 00
    st_nlink = 0
    st_uid = 0
    st_gid = 0
    st_rdev = 0
    st_size = 0
    st_blksize = 0
    st_blocks = 0
    st_atime = 0x00000000
    st_mtime = 0x00000000
    st_ctime = 0x00000000

bb_getattr(path="/Makefile", statbuf=0xe1559c40)
    bb_fullpath:  rootdir = "/home/sunnysani/mydemo/fuse/fuse-tutorial-2018-02-04/example/rootdir", path = "/Makefile", fpath = "/home/sunnysani/mydemo/fuse/fuse-tutorial-2018-02-04/example/rootdir/Makefile"
    lstat returned -1
    ERROR lstat: No such file or directory
    si:
    st_dev = 0
    st_ino = 0
    st_mode = 00
    st_nlink = 0
    st_uid = 0
    st_gid = 0
    st_rdev = 0
    st_size = 0
    st_blksize = 0
    st_blocks = 0
    st_atime = 0x00000000
    st_mtime = 0x00000000
    st_ctime = 0x00000000

bb_mknod(path="/Makefile", mode=0100644, dev=0)
    bb_fullpath:  rootdir = "/home/sunnysani/mydemo/fuse/fuse-tutorial-2018-02-04/example/rootdir", path = "/Makefile", fpath = "/home/sunnysani/mydemo/fuse/fuse-tutorial-2018-02-04/example/rootdir/Makefile"
    open returned 5
    close returned 0

bb_getattr(path="/Makefile", statbuf=0xe1559c40)
    bb_fullpath:  rootdir = "/home/sunnysani/mydemo/fuse/fuse-tutorial-2018-02-04/example/rootdir", path = "/Makefile", fpath = "/home/sunnysani/mydemo/fuse/fuse-tutorial-2018-02-04/example/rootdir/Makefile"
    lstat returned 0
    si:
    st_dev = 2050
    st_ino = 30715
    st_mode = 0100644
    st_nlink = 1
    st_uid = 1000
    st_gid = 1000
    st_rdev = 0
    st_size = 0
    st_blksize = 4096
    st_blocks = 0
    st_atime = 0x62257925
    st_mtime = 0x62257925
    st_ctime = 0x62257925

bb_open(path"/Makefile", fi=0xe1d7ccf0)
    bb_fullpath:  rootdir = "/home/sunnysani/mydemo/fuse/fuse-tutorial-2018-02-04/example/rootdir", path = "/Makefile", fpath = "/home/sunnysani/mydemo/fuse/fuse-tutorial-2018-02-04/example/rootdir/Makefile"
    open returned 5
    fi:
    flags = 0x00008001
    fh_old = 0x00000000
    writepage = 0
    direct_io = 0
    keep_cache = 0
    fh = 0x0000000000000005
    lock_owner = 0x0000000000000000

bb_getxattr(path = "/Makefile", name = "security.capability", value = 0x00000000, size = 0)
    bb_fullpath:  rootdir = "/home/sunnysani/mydemo/fuse/fuse-tutorial-2018-02-04/example/rootdir", path = "/Makefile", fpath = "/home/sunnysani/mydemo/fuse/fuse-tutorial-2018-02-04/example/rootdir/Makefile"
    lgetxattr returned -1
    ERROR lgetxattr: No data available

bb_write(path="/Makefile", buf=0xe1d7e060, size=185, offset=0, fi=0xe1d7cd50)
    fi:
    flags = 0x00008001
    fh_old = 0x00000005
    writepage = 0
    direct_io = 0
    keep_cache = 0
    fh = 0x0000000000000005
    lock_owner = 0x0000000000000000
    pwrite returned 185

bb_flush(path="/Makefile", fi=0xe1559cf0)
    fi:
    flags = 0x00000000
    fh_old = 0x00000005
    writepage = 0
    direct_io = 0
    keep_cache = 0
    fh = 0x0000000000000005
    lock_owner = 0x45e6f30dd55f4ad6

bb_release(path="/Makefile", fi=0xe1d7ccf0)
    fi:
    flags = 0x00008001
    fh_old = 0x00000005
    writepage = 0
    direct_io = 0
    keep_cache = 0
    fh = 0x0000000000000005
    lock_owner = 0x0000000000000000
    close returned 0

bb_getattr(path="/touch-a-file.txt", statbuf=0xe1559c40)
    bb_fullpath:  rootdir = "/home/sunnysani/mydemo/fuse/fuse-tutorial-2018-02-04/example/rootdir", path = "/touch-a-file.txt", fpath = "/home/sunnysani/mydemo/fuse/fuse-tutorial-2018-02-04/example/rootdir/touch-a-file.txt"
    lstat returned -1
    ERROR lstat: No such file or directory
    si:
    st_dev = 0
    st_ino = 0
    st_mode = 00
    st_nlink = 0
    st_uid = 0
    st_gid = 0
    st_rdev = 0
    st_size = 0
    st_blksize = 0
    st_blocks = 0
    st_atime = 0x00000000
    st_mtime = 0x00000000
    st_ctime = 0x00000000

bb_mknod(path="/touch-a-file.txt", mode=0100644, dev=0)
    bb_fullpath:  rootdir = "/home/sunnysani/mydemo/fuse/fuse-tutorial-2018-02-04/example/rootdir", path = "/touch-a-file.txt", fpath = "/home/sunnysani/mydemo/fuse/fuse-tutorial-2018-02-04/example/rootdir/touch-a-file.txt"
    open returned 5
    close returned 0

bb_getattr(path="/touch-a-file.txt", statbuf=0xe1d7cc40)
    bb_fullpath:  rootdir = "/home/sunnysani/mydemo/fuse/fuse-tutorial-2018-02-04/example/rootdir", path = "/touch-a-file.txt", fpath = "/home/sunnysani/mydemo/fuse/fuse-tutorial-2018-02-04/example/rootdir/touch-a-file.txt"
    lstat returned 0
    si:
    st_dev = 2050
    st_ino = 30719
    st_mode = 0100644
    st_nlink = 1
    st_uid = 1000
    st_gid = 1000
    st_rdev = 0
    st_size = 0
    st_blksize = 4096
    st_blocks = 0
    st_atime = 0x62257925
    st_mtime = 0x62257925
    st_ctime = 0x62257925

bb_open(path"/touch-a-file.txt", fi=0xe1559cf0)
    bb_fullpath:  rootdir = "/home/sunnysani/mydemo/fuse/fuse-tutorial-2018-02-04/example/rootdir", path = "/touch-a-file.txt", fpath = "/home/sunnysani/mydemo/fuse/fuse-tutorial-2018-02-04/example/rootdir/touch-a-file.txt"
    open returned 5
    fi:
    flags = 0x00008801
    fh_old = 0x00000000
    writepage = 0
    direct_io = 0
    keep_cache = 0
    fh = 0x0000000000000005
    lock_owner = 0x0000000000000000

bb_flush(path="/touch-a-file.txt", fi=0xe1d7ccf0)
    fi:
    flags = 0x00000000
    fh_old = 0x00000005
    writepage = 0
    direct_io = 0
    keep_cache = 0
    fh = 0x0000000000000005
    lock_owner = 0xcf28522fc8abc9fb

bb_utime(path="/touch-a-file.txt", ubuf=0xe1559aa0)
    bb_fullpath:  rootdir = "/home/sunnysani/mydemo/fuse/fuse-tutorial-2018-02-04/example/rootdir", path = "/touch-a-file.txt", fpath = "/home/sunnysani/mydemo/fuse/fuse-tutorial-2018-02-04/example/rootdir/touch-a-file.txt"
    utime returned 0

bb_getattr(path="/touch-a-file.txt", statbuf=0xe1559b70)
    bb_fullpath:  rootdir = "/home/sunnysani/mydemo/fuse/fuse-tutorial-2018-02-04/example/rootdir", path = "/touch-a-file.txt", fpath = "/home/sunnysani/mydemo/fuse/fuse-tutorial-2018-02-04/example/rootdir/touch-a-file.txt"
    lstat returned 0
    si:
    st_dev = 2050
    st_ino = 30719
    st_mode = 0100644
    st_nlink = 1
    st_uid = 1000
    st_gid = 1000
    st_rdev = 0
    st_size = 0
    st_blksize = 4096
    st_blocks = 0
    st_atime = 0x62257925
    st_mtime = 0x62257925
    st_ctime = 0x62257925

bb_flush(path="/touch-a-file.txt", fi=0xe1d7ccf0)
    fi:
    flags = 0x00000000
    fh_old = 0x00000005
    writepage = 0
    direct_io = 0
    keep_cache = 0
    fh = 0x0000000000000005
    lock_owner = 0xcf28522fc8abc9fb

bb_release(path="/touch-a-file.txt", fi=0xe1559cf0)
    fi:
    flags = 0x00008801
    fh_old = 0x00000005
    writepage = 0
    direct_io = 0
    keep_cache = 0
    fh = 0x0000000000000005
    lock_owner = 0x0000000000000000
    close returned 0

bb_getattr(path="/", statbuf=0xe1d7cc10)
    bb_fullpath:  rootdir = "/home/sunnysani/mydemo/fuse/fuse-tutorial-2018-02-04/example/rootdir", path = "/", fpath = "/home/sunnysani/mydemo/fuse/fuse-tutorial-2018-02-04/example/rootdir/"
    lstat returned 0
    si:
    st_dev = 2050
    st_ino = 30705
    st_mode = 040755
    st_nlink = 2
    st_uid = 1000
    st_gid = 1000
    st_rdev = 0
    st_size = 4096
    st_blksize = 4096
    st_blocks = 8
    st_atime = 0x62257925
    st_mtime = 0x62257925
    st_ctime = 0x62257925

bb_getxattr(path = "/", name = "security.selinux", value = 0xd4000c30, size = 255)
    bb_fullpath:  rootdir = "/home/sunnysani/mydemo/fuse/fuse-tutorial-2018-02-04/example/rootdir", path = "/", fpath = "/home/sunnysani/mydemo/fuse/fuse-tutorial-2018-02-04/example/rootdir/"
    lgetxattr returned -1
    ERROR lgetxattr: No data available

bb_getxattr(path = "/", name = "system.posix_acl_access", value = 0x00000000, size = 0)
    bb_fullpath:  rootdir = "/home/sunnysani/mydemo/fuse/fuse-tutorial-2018-02-04/example/rootdir", path = "/", fpath = "/home/sunnysani/mydemo/fuse/fuse-tutorial-2018-02-04/example/rootdir/"
    lgetxattr returned -1
    ERROR lgetxattr: No data available

bb_getxattr(path = "/", name = "system.posix_acl_default", value = 0x00000000, size = 0)
    bb_fullpath:  rootdir = "/home/sunnysani/mydemo/fuse/fuse-tutorial-2018-02-04/example/rootdir", path = "/", fpath = "/home/sunnysani/mydemo/fuse/fuse-tutorial-2018-02-04/example/rootdir/"
    lgetxattr returned -1
    ERROR lgetxattr: No data available

bb_opendir(path="/", fi=0xe1d7cc30)
    bb_fullpath:  rootdir = "/home/sunnysani/mydemo/fuse/fuse-tutorial-2018-02-04/example/rootdir", path = "/", fpath = "/home/sunnysani/mydemo/fuse/fuse-tutorial-2018-02-04/example/rootdir/"
    opendir returned 0x0x7fa3dc002320
    fi:
    flags = 0x00018800
    fh_old = 0x00000000
    writepage = 0
    direct_io = 0
    keep_cache = 0
    fh = 0x00007fa3dc002320
    lock_owner = 0x0000000000000000

bb_readdir(path="/", buf=0xdc0022a0, filler=0xe1f99ac0, offset=0, fi=0xe1559c30)
    readdir returned 0x0x7fa3dc002350
calling filler with name .
calling filler with name ..
calling filler with name touch-a-file.txt
calling filler with name Makefile
calling filler with name bogus.txt
    fi:
    flags = 0x00000000
    fh_old = 0x7fa3dc002320
    writepage = 0
    direct_io = 0
    keep_cache = 0
    fh = 0x00007fa3dc002320
    lock_owner = 0x0000000000000000

bb_getxattr(path = "/", name = "security.selinux", value = 0xdc001e30, size = 255)
    bb_fullpath:  rootdir = "/home/sunnysani/mydemo/fuse/fuse-tutorial-2018-02-04/example/rootdir", path = "/", fpath = "/home/sunnysani/mydemo/fuse/fuse-tutorial-2018-02-04/example/rootdir/"
    lgetxattr returned -1
    ERROR lgetxattr: No data available

bb_getxattr(path = "/", name = "system.posix_acl_access", value = 0x00000000, size = 0)
    bb_fullpath:  rootdir = "/home/sunnysani/mydemo/fuse/fuse-tutorial-2018-02-04/example/rootdir", path = "/", fpath = "/home/sunnysani/mydemo/fuse/fuse-tutorial-2018-02-04/example/rootdir/"
    lgetxattr returned -1
    ERROR lgetxattr: No data available

bb_getxattr(path = "/", name = "system.posix_acl_default", value = 0x00000000, size = 0)
    bb_fullpath:  rootdir = "/home/sunnysani/mydemo/fuse/fuse-tutorial-2018-02-04/example/rootdir", path = "/", fpath = "/home/sunnysani/mydemo/fuse/fuse-tutorial-2018-02-04/example/rootdir/"
    lgetxattr returned -1
    ERROR lgetxattr: No data available

bb_getxattr(path = "/touch-a-file.txt", name = "security.selinux", value = 0xd4000c30, size = 255)
    bb_fullpath:  rootdir = "/home/sunnysani/mydemo/fuse/fuse-tutorial-2018-02-04/example/rootdir", path = "/touch-a-file.txt", fpath = "/home/sunnysani/mydemo/fuse/fuse-tutorial-2018-02-04/example/rootdir/touch-a-file.txt"
    lgetxattr returned -1
    ERROR lgetxattr: No data available

bb_getxattr(path = "/touch-a-file.txt", name = "system.posix_acl_access", value = 0x00000000, size = 0)
    bb_fullpath:  rootdir = "/home/sunnysani/mydemo/fuse/fuse-tutorial-2018-02-04/example/rootdir", path = "/touch-a-file.txt", fpath = "/home/sunnysani/mydemo/fuse/fuse-tutorial-2018-02-04/example/rootdir/touch-a-file.txt"
    lgetxattr returned -1
    ERROR lgetxattr: No data available

bb_getattr(path="/Makefile", statbuf=0xe1559c10)
    bb_fullpath:  rootdir = "/home/sunnysani/mydemo/fuse/fuse-tutorial-2018-02-04/example/rootdir", path = "/Makefile", fpath = "/home/sunnysani/mydemo/fuse/fuse-tutorial-2018-02-04/example/rootdir/Makefile"
    lstat returned 0
    si:
    st_dev = 2050
    st_ino = 30715
    st_mode = 0100644
    st_nlink = 1
    st_uid = 1000
    st_gid = 1000
    st_rdev = 0
    st_size = 185
    st_blksize = 4096
    st_blocks = 8
    st_atime = 0x62257925
    st_mtime = 0x62257925
    st_ctime = 0x62257925

bb_getxattr(path = "/Makefile", name = "security.selinux", value = 0xdc001e30, size = 255)
    bb_fullpath:  rootdir = "/home/sunnysani/mydemo/fuse/fuse-tutorial-2018-02-04/example/rootdir", path = "/Makefile", fpath = "/home/sunnysani/mydemo/fuse/fuse-tutorial-2018-02-04/example/rootdir/Makefile"
    lgetxattr returned -1
    ERROR lgetxattr: No data available

bb_getxattr(path = "/Makefile", name = "system.posix_acl_access", value = 0x00000000, size = 0)
    bb_fullpath:  rootdir = "/home/sunnysani/mydemo/fuse/fuse-tutorial-2018-02-04/example/rootdir", path = "/Makefile", fpath = "/home/sunnysani/mydemo/fuse/fuse-tutorial-2018-02-04/example/rootdir/Makefile"
    lgetxattr returned -1
    ERROR lgetxattr: No data available

bb_getattr(path="/bogus.txt", statbuf=0xe1d7cc40)
    bb_fullpath:  rootdir = "/home/sunnysani/mydemo/fuse/fuse-tutorial-2018-02-04/example/rootdir", path = "/bogus.txt", fpath = "/home/sunnysani/mydemo/fuse/fuse-tutorial-2018-02-04/example/rootdir/bogus.txt"
    lstat returned 0
    si:
    st_dev = 2050
    st_ino = 30706
    st_mode = 0100644
    st_nlink = 1
    st_uid = 1000
    st_gid = 1000
    st_rdev = 0
    st_size = 11
    st_blksize = 4096
    st_blocks = 8
    st_atime = 0x62257920
    st_mtime = 0x62257920
    st_ctime = 0x62257920

bb_getxattr(path = "/bogus.txt", name = "security.selinux", value = 0xd4000c30, size = 255)
    bb_fullpath:  rootdir = "/home/sunnysani/mydemo/fuse/fuse-tutorial-2018-02-04/example/rootdir", path = "/bogus.txt", fpath = "/home/sunnysani/mydemo/fuse/fuse-tutorial-2018-02-04/example/rootdir/bogus.txt"
    lgetxattr returned -1
    ERROR lgetxattr: No data available

bb_getxattr(path = "/bogus.txt", name = "system.posix_acl_access", value = 0x00000000, size = 0)
    bb_fullpath:  rootdir = "/home/sunnysani/mydemo/fuse/fuse-tutorial-2018-02-04/example/rootdir", path = "/bogus.txt", fpath = "/home/sunnysani/mydemo/fuse/fuse-tutorial-2018-02-04/example/rootdir/bogus.txt"
    lgetxattr returned -1
    ERROR lgetxattr: No data available

bb_releasedir(path="/", fi=0xe1d7cc30)
    fi:
    flags = 0x00000000
    fh_old = 0x7fa3dc002320
    writepage = 0
    direct_io = 0
    keep_cache = 0
    fh = 0x00007fa3dc002320
    lock_owner = 0x0000000000000000

bb_getattr(path="/", statbuf=0xe1559c10)
    bb_fullpath:  rootdir = "/home/sunnysani/mydemo/fuse/fuse-tutorial-2018-02-04/example/rootdir", path = "/", fpath = "/home/sunnysani/mydemo/fuse/fuse-tutorial-2018-02-04/example/rootdir/"
    lstat returned 0
    si:
    st_dev = 2050
    st_ino = 30705
    st_mode = 040755
    st_nlink = 2
    st_uid = 1000
    st_gid = 1000
    st_rdev = 0
    st_size = 4096
    st_blksize = 4096
    st_blocks = 8
    st_atime = 0x62257926
    st_mtime = 0x62257925
    st_ctime = 0x62257925

bb_statfs(path="/", statv=0xe1d7cc70)
    bb_fullpath:  rootdir = "/home/sunnysani/mydemo/fuse/fuse-tutorial-2018-02-04/example/rootdir", path = "/", fpath = "/home/sunnysani/mydemo/fuse/fuse-tutorial-2018-02-04/example/rootdir/"
    statvfs returned 0
    sv:
    f_bsize = 4096
    f_frsize = 4096
    f_blocks = 3855330
    f_bfree = 1536625
    f_bavail = 1335333
    f_files = 987360
    f_ffree = 754122
    f_favail = 754122
    f_fsid = -4444117892766780743
    f_flag = 0x00001000
    f_namemax = 255

bb_destroy(userdata=0xda45a2a0)
