This file contains any messages produced by compilers while
running configure, to aid debugging if configure makes a mistake.

It was created by fuse-tutorial configure 2018-02-04, which was
generated by GNU Autoconf 2.69.  Invocation command line was

  $ ./configure 

## --------- ##
## Platform. ##
## --------- ##

hostname = dewa251202
uname -m = x86_64
uname -r = 5.10.0-11-amd64
uname -s = Linux
uname -v = #1 SMP Debian 5.10.92-1 (2022-01-18)

/usr/bin/uname -p = unknown
/bin/uname -X     = unknown

/bin/arch              = x86_64
/usr/bin/arch -k       = unknown
/usr/convex/getsysinfo = unknown
/usr/bin/hostinfo      = unknown
/bin/machine           = unknown
/usr/bin/oslevel       = unknown
/bin/universe          = unknown

PATH: /home/dewa251202/.local/share/gems/bin
PATH: /home/dewa251202/bin
PATH: /home/dewa251202/.local/share/gems/bin
PATH: /home/dewa251202/bin
PATH: /home/dewa251202/.local/share/gems/bin
PATH: /home/dewa251202/bin
PATH: /home/dewa251202/.local/share/gems/bin
PATH: /home/dewa251202/bin
PATH: /usr/local/bin
PATH: /usr/bin
PATH: /bin
PATH: /usr/local/games
PATH: /usr/games


## ----------- ##
## Core tests. ##
## ----------- ##

configure:2382: checking for a BSD-compatible install
configure:2450: result: /usr/bin/install -c
configure:2461: checking whether build environment is sane
configure:2516: result: yes
configure:2662: checking for a thread-safe mkdir -p
configure:2701: result: /usr/bin/mkdir -p
configure:2708: checking for gawk
configure:2724: found /usr/bin/gawk
configure:2735: result: gawk
configure:2746: checking whether make sets $(MAKE)
configure:2768: result: yes
configure:2797: checking whether make supports nested variables
configure:2814: result: yes
configure:2993: checking for gcc
configure:3009: found /usr/bin/gcc
configure:3020: result: gcc
configure:3249: checking for C compiler version
configure:3258: gcc --version >&5
gcc (Debian 10.2.1-6) 10.2.1 20210110
Copyright (C) 2020 Free Software Foundation, Inc.
This is free software; see the source for copying conditions.  There is NO
warranty; not even for MERCHANTABILITY or FITNESS FOR A PARTICULAR PURPOSE.

configure:3269: $? = 0
configure:3258: gcc -v >&5
Using built-in specs.
COLLECT_GCC=gcc
COLLECT_LTO_WRAPPER=/usr/lib/gcc/x86_64-linux-gnu/10/lto-wrapper
OFFLOAD_TARGET_NAMES=nvptx-none:amdgcn-amdhsa:hsa
OFFLOAD_TARGET_DEFAULT=1
Target: x86_64-linux-gnu
Configured with: ../src/configure -v --with-pkgversion='Debian 10.2.1-6' --with-bugurl=file:///usr/share/doc/gcc-10/README.Bugs --enable-languages=c,ada,c++,go,brig,d,fortran,objc,obj-c++,m2 --prefix=/usr --with-gcc-major-version-only --program-suffix=-10 --program-prefix=x86_64-linux-gnu- --enable-shared --enable-linker-build-id --libexecdir=/usr/lib --without-included-gettext --enable-threads=posix --libdir=/usr/lib --enable-nls --enable-bootstrap --enable-clocale=gnu --enable-libstdcxx-debug --enable-libstdcxx-time=yes --with-default-libstdcxx-abi=new --enable-gnu-unique-object --disable-vtable-verify --enable-plugin --enable-default-pie --with-system-zlib --enable-libphobos-checking=release --with-target-system-zlib=auto --enable-objc-gc=auto --enable-multiarch --disable-werror --with-arch-32=i686 --with-abi=m64 --with-multilib-list=m32,m64,mx32 --enable-multilib --with-tune=generic --enable-offload-targets=nvptx-none=/build/gcc-10-Km9U7s/gcc-10-10.2.1/debian/tmp-nvptx/usr,amdgcn-amdhsa=/build/gcc-10-Km9U7s/gcc-10-10.2.1/debian/tmp-gcn/usr,hsa --without-cuda-driver --enable-checking=release --build=x86_64-linux-gnu --host=x86_64-linux-gnu --target=x86_64-linux-gnu --with-build-config=bootstrap-lto-lean --enable-link-mutex
Thread model: posix
Supported LTO compression algorithms: zlib zstd
gcc version 10.2.1 20210110 (Debian 10.2.1-6) 
... rest of stderr output deleted ...
configure:3269: $? = 0
configure:3258: gcc -V >&5
gcc: error: unrecognized command-line option '-V'
gcc: fatal error: no input files
compilation terminated.
configure:3269: $? = 1
configure:3258: gcc -qversion >&5
gcc: error: unrecognized command-line option '-qversion'; did you mean '--version'?
gcc: fatal error: no input files
compilation terminated.
configure:3269: $? = 1
configure:3289: checking whether the C compiler works
configure:3311: gcc    conftest.c  >&5
configure:3315: $? = 0
configure:3363: result: yes
configure:3366: checking for C compiler default output file name
configure:3368: result: a.out
configure:3374: checking for suffix of executables
configure:3381: gcc -o conftest    conftest.c  >&5
configure:3385: $? = 0
configure:3407: result: 
configure:3429: checking whether we are cross compiling
configure:3437: gcc -o conftest    conftest.c  >&5
configure:3441: $? = 0
configure:3448: ./conftest
configure:3452: $? = 0
configure:3467: result: no
configure:3472: checking for suffix of object files
configure:3494: gcc -c   conftest.c >&5
configure:3498: $? = 0
configure:3519: result: o
configure:3523: checking whether we are using the GNU C compiler
configure:3542: gcc -c   conftest.c >&5
configure:3542: $? = 0
configure:3551: result: yes
configure:3560: checking whether gcc accepts -g
configure:3580: gcc -c -g  conftest.c >&5
configure:3580: $? = 0
configure:3621: result: yes
configure:3638: checking for gcc option to accept ISO C89
configure:3701: gcc  -c -g -O2  conftest.c >&5
configure:3701: $? = 0
configure:3714: result: none needed
configure:3739: checking whether gcc understands -c and -o together
configure:3761: gcc -c conftest.c -o conftest2.o
configure:3764: $? = 0
configure:3761: gcc -c conftest.c -o conftest2.o
configure:3764: $? = 0
configure:3776: result: yes
configure:3796: checking whether make supports the include directive
configure:3811: make -f confmf.GNU && cat confinc.out
this is the am__doit target
configure:3814: $? = 0
configure:3833: result: yes (GNU style)
configure:3858: checking dependency style of gcc
configure:3969: result: gcc3
configure:3992: checking how to run the C preprocessor
configure:4023: gcc -E  conftest.c
configure:4023: $? = 0
configure:4037: gcc -E  conftest.c
conftest.c:11:10: fatal error: ac_nonexistent.h: No such file or directory
   11 | #include <ac_nonexistent.h>
      |          ^~~~~~~~~~~~~~~~~~
compilation terminated.
configure:4037: $? = 1
configure: failed program was:
| /* confdefs.h */
| #define PACKAGE_NAME "fuse-tutorial"
| #define PACKAGE_TARNAME "fuse-tutorial"
| #define PACKAGE_VERSION "2018-02-04"
| #define PACKAGE_STRING "fuse-tutorial 2018-02-04"
| #define PACKAGE_BUGREPORT "joseph@pfeifferfamily.net"
| #define PACKAGE_URL ""
| #define PACKAGE "fuse-tutorial"
| #define VERSION "2018-02-04"
| /* end confdefs.h.  */
| #include <ac_nonexistent.h>
configure:4062: result: gcc -E
configure:4082: gcc -E  conftest.c
configure:4082: $? = 0
configure:4096: gcc -E  conftest.c
conftest.c:11:10: fatal error: ac_nonexistent.h: No such file or directory
   11 | #include <ac_nonexistent.h>
      |          ^~~~~~~~~~~~~~~~~~
compilation terminated.
configure:4096: $? = 1
configure: failed program was:
| /* confdefs.h */
| #define PACKAGE_NAME "fuse-tutorial"
| #define PACKAGE_TARNAME "fuse-tutorial"
| #define PACKAGE_VERSION "2018-02-04"
| #define PACKAGE_STRING "fuse-tutorial 2018-02-04"
| #define PACKAGE_BUGREPORT "joseph@pfeifferfamily.net"
| #define PACKAGE_URL ""
| #define PACKAGE "fuse-tutorial"
| #define VERSION "2018-02-04"
| /* end confdefs.h.  */
| #include <ac_nonexistent.h>
configure:4125: checking for grep that handles long lines and -e
configure:4183: result: /usr/bin/grep
configure:4188: checking for egrep
configure:4250: result: /usr/bin/grep -E
configure:4255: checking for ANSI C header files
configure:4275: gcc -c -g -O2  conftest.c >&5
configure:4275: $? = 0
configure:4348: gcc -o conftest -g -O2   conftest.c  >&5
configure:4348: $? = 0
configure:4348: ./conftest
configure:4348: $? = 0
configure:4359: result: yes
configure:4372: checking for sys/types.h
configure:4372: gcc -c -g -O2  conftest.c >&5
configure:4372: $? = 0
configure:4372: result: yes
configure:4372: checking for sys/stat.h
configure:4372: gcc -c -g -O2  conftest.c >&5
configure:4372: $? = 0
configure:4372: result: yes
configure:4372: checking for stdlib.h
configure:4372: gcc -c -g -O2  conftest.c >&5
configure:4372: $? = 0
configure:4372: result: yes
configure:4372: checking for string.h
configure:4372: gcc -c -g -O2  conftest.c >&5
configure:4372: $? = 0
configure:4372: result: yes
configure:4372: checking for memory.h
configure:4372: gcc -c -g -O2  conftest.c >&5
configure:4372: $? = 0
configure:4372: result: yes
configure:4372: checking for strings.h
configure:4372: gcc -c -g -O2  conftest.c >&5
configure:4372: $? = 0
configure:4372: result: yes
configure:4372: checking for inttypes.h
configure:4372: gcc -c -g -O2  conftest.c >&5
configure:4372: $? = 0
configure:4372: result: yes
configure:4372: checking for stdint.h
configure:4372: gcc -c -g -O2  conftest.c >&5
configure:4372: $? = 0
configure:4372: result: yes
configure:4372: checking for unistd.h
configure:4372: gcc -c -g -O2  conftest.c >&5
configure:4372: $? = 0
configure:4372: result: yes
configure:4387: checking fcntl.h usability
configure:4387: gcc -c -g -O2  conftest.c >&5
configure:4387: $? = 0
configure:4387: result: yes
configure:4387: checking fcntl.h presence
configure:4387: gcc -E  conftest.c
configure:4387: $? = 0
configure:4387: result: yes
configure:4387: checking for fcntl.h
configure:4387: result: yes
configure:4387: checking limits.h usability
configure:4387: gcc -c -g -O2  conftest.c >&5
configure:4387: $? = 0
configure:4387: result: yes
configure:4387: checking limits.h presence
configure:4387: gcc -E  conftest.c
configure:4387: $? = 0
configure:4387: result: yes
configure:4387: checking for limits.h
configure:4387: result: yes
configure:4387: checking for stdlib.h
configure:4387: result: yes
configure:4387: checking for string.h
configure:4387: result: yes
configure:4387: checking sys/statvfs.h usability
configure:4387: gcc -c -g -O2  conftest.c >&5
configure:4387: $? = 0
configure:4387: result: yes
configure:4387: checking sys/statvfs.h presence
configure:4387: gcc -E  conftest.c
configure:4387: $? = 0
configure:4387: result: yes
configure:4387: checking for sys/statvfs.h
configure:4387: result: yes
configure:4387: checking for unistd.h
configure:4387: result: yes
configure:4387: checking utime.h usability
configure:4387: gcc -c -g -O2  conftest.c >&5
configure:4387: $? = 0
configure:4387: result: yes
configure:4387: checking utime.h presence
configure:4387: gcc -E  conftest.c
configure:4387: $? = 0
configure:4387: result: yes
configure:4387: checking for utime.h
configure:4387: result: yes
configure:4387: checking sys/xattr.h usability
configure:4387: gcc -c -g -O2  conftest.c >&5
configure:4387: $? = 0
configure:4387: result: yes
configure:4387: checking sys/xattr.h presence
configure:4387: gcc -E  conftest.c
configure:4387: $? = 0
configure:4387: result: yes
configure:4387: checking for sys/xattr.h
configure:4387: result: yes
configure:4453: checking for pkg-config
configure:4471: found /usr/local/bin/pkg-config
configure:4483: result: /usr/local/bin/pkg-config
configure:4508: checking pkg-config is at least version 0.9.0
configure:4511: result: yes
configure:4521: checking for fuse
configure:4528: $PKG_CONFIG --exists --print-errors "fuse"
configure:4531: $? = 0
configure:4545: $PKG_CONFIG --exists --print-errors "fuse"
configure:4548: $? = 0
configure:4606: result: yes
configure:4612: checking for uid_t in sys/types.h
configure:4631: result: yes
configure:4642: checking for mode_t
configure:4642: gcc -c -g -O2  conftest.c >&5
configure:4642: $? = 0
configure:4642: gcc -c -g -O2  conftest.c >&5
conftest.c: In function 'main':
conftest.c:65:21: error: expected expression before ')' token
   65 | if (sizeof ((mode_t)))
      |                     ^
configure:4642: $? = 1
configure: failed program was:
| /* confdefs.h */
| #define PACKAGE_NAME "fuse-tutorial"
| #define PACKAGE_TARNAME "fuse-tutorial"
| #define PACKAGE_VERSION "2018-02-04"
| #define PACKAGE_STRING "fuse-tutorial 2018-02-04"
| #define PACKAGE_BUGREPORT "joseph@pfeifferfamily.net"
| #define PACKAGE_URL ""
| #define PACKAGE "fuse-tutorial"
| #define VERSION "2018-02-04"
| #define STDC_HEADERS 1
| #define HAVE_SYS_TYPES_H 1
| #define HAVE_SYS_STAT_H 1
| #define HAVE_STDLIB_H 1
| #define HAVE_STRING_H 1
| #define HAVE_MEMORY_H 1
| #define HAVE_STRINGS_H 1
| #define HAVE_INTTYPES_H 1
| #define HAVE_STDINT_H 1
| #define HAVE_UNISTD_H 1
| #define HAVE_FCNTL_H 1
| #define HAVE_LIMITS_H 1
| #define HAVE_STDLIB_H 1
| #define HAVE_STRING_H 1
| #define HAVE_SYS_STATVFS_H 1
| #define HAVE_UNISTD_H 1
| #define HAVE_UTIME_H 1
| #define HAVE_SYS_XATTR_H 1
| /* end confdefs.h.  */
| #include <stdio.h>
| #ifdef HAVE_SYS_TYPES_H
| # include <sys/types.h>
| #endif
| #ifdef HAVE_SYS_STAT_H
| # include <sys/stat.h>
| #endif
| #ifdef STDC_HEADERS
| # include <stdlib.h>
| # include <stddef.h>
| #else
| # ifdef HAVE_STDLIB_H
| #  include <stdlib.h>
| # endif
| #endif
| #ifdef HAVE_STRING_H
| # if !defined STDC_HEADERS && defined HAVE_MEMORY_H
| #  include <memory.h>
| # endif
| # include <string.h>
| #endif
| #ifdef HAVE_STRINGS_H
| # include <strings.h>
| #endif
| #ifdef HAVE_INTTYPES_H
| # include <inttypes.h>
| #endif
| #ifdef HAVE_STDINT_H
| # include <stdint.h>
| #endif
| #ifdef HAVE_UNISTD_H
| # include <unistd.h>
| #endif
| int
| main ()
| {
| if (sizeof ((mode_t)))
| 	    return 0;
|   ;
|   return 0;
| }
configure:4642: result: yes
configure:4653: checking for off_t
configure:4653: gcc -c -g -O2  conftest.c >&5
configure:4653: $? = 0
configure:4653: gcc -c -g -O2  conftest.c >&5
conftest.c: In function 'main':
conftest.c:65:20: error: expected expression before ')' token
   65 | if (sizeof ((off_t)))
      |                    ^
configure:4653: $? = 1
configure: failed program was:
| /* confdefs.h */
| #define PACKAGE_NAME "fuse-tutorial"
| #define PACKAGE_TARNAME "fuse-tutorial"
| #define PACKAGE_VERSION "2018-02-04"
| #define PACKAGE_STRING "fuse-tutorial 2018-02-04"
| #define PACKAGE_BUGREPORT "joseph@pfeifferfamily.net"
| #define PACKAGE_URL ""
| #define PACKAGE "fuse-tutorial"
| #define VERSION "2018-02-04"
| #define STDC_HEADERS 1
| #define HAVE_SYS_TYPES_H 1
| #define HAVE_SYS_STAT_H 1
| #define HAVE_STDLIB_H 1
| #define HAVE_STRING_H 1
| #define HAVE_MEMORY_H 1
| #define HAVE_STRINGS_H 1
| #define HAVE_INTTYPES_H 1
| #define HAVE_STDINT_H 1
| #define HAVE_UNISTD_H 1
| #define HAVE_FCNTL_H 1
| #define HAVE_LIMITS_H 1
| #define HAVE_STDLIB_H 1
| #define HAVE_STRING_H 1
| #define HAVE_SYS_STATVFS_H 1
| #define HAVE_UNISTD_H 1
| #define HAVE_UTIME_H 1
| #define HAVE_SYS_XATTR_H 1
| /* end confdefs.h.  */
| #include <stdio.h>
| #ifdef HAVE_SYS_TYPES_H
| # include <sys/types.h>
| #endif
| #ifdef HAVE_SYS_STAT_H
| # include <sys/stat.h>
| #endif
| #ifdef STDC_HEADERS
| # include <stdlib.h>
| # include <stddef.h>
| #else
| # ifdef HAVE_STDLIB_H
| #  include <stdlib.h>
| # endif
| #endif
| #ifdef HAVE_STRING_H
| # if !defined STDC_HEADERS && defined HAVE_MEMORY_H
| #  include <memory.h>
| # endif
| # include <string.h>
| #endif
| #ifdef HAVE_STRINGS_H
| # include <strings.h>
| #endif
| #ifdef HAVE_INTTYPES_H
| # include <inttypes.h>
| #endif
| #ifdef HAVE_STDINT_H
| # include <stdint.h>
| #endif
| #ifdef HAVE_UNISTD_H
| # include <unistd.h>
| #endif
| int
| main ()
| {
| if (sizeof ((off_t)))
| 	    return 0;
|   ;
|   return 0;
| }
configure:4653: result: yes
configure:4664: checking for pid_t
configure:4664: gcc -c -g -O2  conftest.c >&5
configure:4664: $? = 0
configure:4664: gcc -c -g -O2  conftest.c >&5
conftest.c: In function 'main':
conftest.c:65:20: error: expected expression before ')' token
   65 | if (sizeof ((pid_t)))
      |                    ^
configure:4664: $? = 1
configure: failed program was:
| /* confdefs.h */
| #define PACKAGE_NAME "fuse-tutorial"
| #define PACKAGE_TARNAME "fuse-tutorial"
| #define PACKAGE_VERSION "2018-02-04"
| #define PACKAGE_STRING "fuse-tutorial 2018-02-04"
| #define PACKAGE_BUGREPORT "joseph@pfeifferfamily.net"
| #define PACKAGE_URL ""
| #define PACKAGE "fuse-tutorial"
| #define VERSION "2018-02-04"
| #define STDC_HEADERS 1
| #define HAVE_SYS_TYPES_H 1
| #define HAVE_SYS_STAT_H 1
| #define HAVE_STDLIB_H 1
| #define HAVE_STRING_H 1
| #define HAVE_MEMORY_H 1
| #define HAVE_STRINGS_H 1
| #define HAVE_INTTYPES_H 1
| #define HAVE_STDINT_H 1
| #define HAVE_UNISTD_H 1
| #define HAVE_FCNTL_H 1
| #define HAVE_LIMITS_H 1
| #define HAVE_STDLIB_H 1
| #define HAVE_STRING_H 1
| #define HAVE_SYS_STATVFS_H 1
| #define HAVE_UNISTD_H 1
| #define HAVE_UTIME_H 1
| #define HAVE_SYS_XATTR_H 1
| /* end confdefs.h.  */
| #include <stdio.h>
| #ifdef HAVE_SYS_TYPES_H
| # include <sys/types.h>
| #endif
| #ifdef HAVE_SYS_STAT_H
| # include <sys/stat.h>
| #endif
| #ifdef STDC_HEADERS
| # include <stdlib.h>
| # include <stddef.h>
| #else
| # ifdef HAVE_STDLIB_H
| #  include <stdlib.h>
| # endif
| #endif
| #ifdef HAVE_STRING_H
| # if !defined STDC_HEADERS && defined HAVE_MEMORY_H
| #  include <memory.h>
| # endif
| # include <string.h>
| #endif
| #ifdef HAVE_STRINGS_H
| # include <strings.h>
| #endif
| #ifdef HAVE_INTTYPES_H
| # include <inttypes.h>
| #endif
| #ifdef HAVE_STDINT_H
| # include <stdint.h>
| #endif
| #ifdef HAVE_UNISTD_H
| # include <unistd.h>
| #endif
| int
| main ()
| {
| if (sizeof ((pid_t)))
| 	    return 0;
|   ;
|   return 0;
| }
configure:4664: result: yes
configure:4675: checking for size_t
configure:4675: gcc -c -g -O2  conftest.c >&5
configure:4675: $? = 0
configure:4675: gcc -c -g -O2  conftest.c >&5
conftest.c: In function 'main':
conftest.c:65:21: error: expected expression before ')' token
   65 | if (sizeof ((size_t)))
      |                     ^
configure:4675: $? = 1
configure: failed program was:
| /* confdefs.h */
| #define PACKAGE_NAME "fuse-tutorial"
| #define PACKAGE_TARNAME "fuse-tutorial"
| #define PACKAGE_VERSION "2018-02-04"
| #define PACKAGE_STRING "fuse-tutorial 2018-02-04"
| #define PACKAGE_BUGREPORT "joseph@pfeifferfamily.net"
| #define PACKAGE_URL ""
| #define PACKAGE "fuse-tutorial"
| #define VERSION "2018-02-04"
| #define STDC_HEADERS 1
| #define HAVE_SYS_TYPES_H 1
| #define HAVE_SYS_STAT_H 1
| #define HAVE_STDLIB_H 1
| #define HAVE_STRING_H 1
| #define HAVE_MEMORY_H 1
| #define HAVE_STRINGS_H 1
| #define HAVE_INTTYPES_H 1
| #define HAVE_STDINT_H 1
| #define HAVE_UNISTD_H 1
| #define HAVE_FCNTL_H 1
| #define HAVE_LIMITS_H 1
| #define HAVE_STDLIB_H 1
| #define HAVE_STRING_H 1
| #define HAVE_SYS_STATVFS_H 1
| #define HAVE_UNISTD_H 1
| #define HAVE_UTIME_H 1
| #define HAVE_SYS_XATTR_H 1
| /* end confdefs.h.  */
| #include <stdio.h>
| #ifdef HAVE_SYS_TYPES_H
| # include <sys/types.h>
| #endif
| #ifdef HAVE_SYS_STAT_H
| # include <sys/stat.h>
| #endif
| #ifdef STDC_HEADERS
| # include <stdlib.h>
| # include <stddef.h>
| #else
| # ifdef HAVE_STDLIB_H
| #  include <stdlib.h>
| # endif
| #endif
| #ifdef HAVE_STRING_H
| # if !defined STDC_HEADERS && defined HAVE_MEMORY_H
| #  include <memory.h>
| # endif
| # include <string.h>
| #endif
| #ifdef HAVE_STRINGS_H
| # include <strings.h>
| #endif
| #ifdef HAVE_INTTYPES_H
| # include <inttypes.h>
| #endif
| #ifdef HAVE_STDINT_H
| # include <stdint.h>
| #endif
| #ifdef HAVE_UNISTD_H
| # include <unistd.h>
| #endif
| int
| main ()
| {
| if (sizeof ((size_t)))
| 	    return 0;
|   ;
|   return 0;
| }
configure:4675: result: yes
configure:4686: checking for struct stat.st_blksize
configure:4686: gcc -c -g -O2  conftest.c >&5
configure:4686: $? = 0
configure:4686: result: yes
configure:4696: checking for struct stat.st_blocks
configure:4696: gcc -c -g -O2  conftest.c >&5
configure:4696: $? = 0
configure:4696: result: yes
configure:4716: checking for struct stat.st_rdev
configure:4716: gcc -c -g -O2  conftest.c >&5
configure:4716: $? = 0
configure:4716: result: yes
configure:4726: checking for uint64_t
configure:4726: gcc -c -g -O2  conftest.c >&5
configure:4726: $? = 0
configure:4726: result: yes
configure:4744: checking for unistd.h
configure:4744: result: yes
configure:4754: checking for working chown
configure:4787: gcc -o conftest -g -O2   conftest.c  >&5
configure:4787: $? = 0
configure:4787: ./conftest
configure:4787: $? = 0
configure:4799: result: yes
configure:4807: checking whether lstat correctly handles trailing slash
configure:4833: gcc -o conftest -g -O2   conftest.c  >&5
configure:4833: $? = 0
configure:4833: ./conftest
configure:4833: $? = 0
configure:4850: result: yes
configure:4871: checking for stdlib.h
configure:4871: result: yes
configure:4881: checking for GNU libc compatible malloc
configure:4905: gcc -o conftest -g -O2   conftest.c  >&5
configure:4905: $? = 0
configure:4905: ./conftest
configure:4905: $? = 0
configure:4915: result: yes
configure:4939: checking for ftruncate
configure:4939: gcc -o conftest -g -O2   conftest.c  >&5
configure:4939: $? = 0
configure:4939: result: yes
configure:4939: checking for mkdir
configure:4939: gcc -o conftest -g -O2   conftest.c  >&5
configure:4939: $? = 0
configure:4939: result: yes
configure:4939: checking for mkfifo
configure:4939: gcc -o conftest -g -O2   conftest.c  >&5
configure:4939: $? = 0
configure:4939: result: yes
configure:4939: checking for realpath
configure:4939: gcc -o conftest -g -O2   conftest.c  >&5
configure:4939: $? = 0
configure:4939: result: yes
configure:4939: checking for rmdir
configure:4939: gcc -o conftest -g -O2   conftest.c  >&5
configure:4939: $? = 0
configure:4939: result: yes
configure:4939: checking for strerror
configure:4939: gcc -o conftest -g -O2   conftest.c  >&5
configure:4939: $? = 0
configure:4939: result: yes
configure:4939: checking for utime
configure:4939: gcc -o conftest -g -O2   conftest.c  >&5
configure:4939: $? = 0
configure:4939: result: yes
configure:4952: checking for fdatasync
configure:4952: gcc -o conftest -g -O2   conftest.c  >&5
configure:4952: $? = 0
configure:4952: result: yes
configure:5065: checking that generated files are newer than configure
configure:5071: result: done
configure:5094: creating ./config.status

## ---------------------- ##
## Running config.status. ##
## ---------------------- ##

This file was extended by fuse-tutorial config.status 2018-02-04, which was
generated by GNU Autoconf 2.69.  Invocation command line was

  CONFIG_FILES    = 
  CONFIG_HEADERS  = 
  CONFIG_LINKS    = 
  CONFIG_COMMANDS = 
  $ ./config.status 

on dewa251202

config.status:885: creating Makefile
config.status:885: creating html/Makefile
config.status:885: creating src/Makefile
config.status:885: creating src/config.h
config.status:1114: executing depfiles commands
config.status:1191: cd src       && sed -e '/# am--include-marker/d' Makefile         | make -f - am--depfiles
config.status:1196: $? = 0

## ---------------- ##
## Cache variables. ##
## ---------------- ##

ac_cv_c_compiler_gnu=yes
ac_cv_c_uint64_t=yes
ac_cv_env_CC_set=
ac_cv_env_CC_value=
ac_cv_env_CFLAGS_set=
ac_cv_env_CFLAGS_value=
ac_cv_env_CPPFLAGS_set=
ac_cv_env_CPPFLAGS_value=
ac_cv_env_CPP_set=
ac_cv_env_CPP_value=
ac_cv_env_FUSE_CFLAGS_set=
ac_cv_env_FUSE_CFLAGS_value=
ac_cv_env_FUSE_LIBS_set=
ac_cv_env_FUSE_LIBS_value=
ac_cv_env_LDFLAGS_set=
ac_cv_env_LDFLAGS_value=
ac_cv_env_LIBS_set=
ac_cv_env_LIBS_value=
ac_cv_env_PKG_CONFIG_LIBDIR_set=
ac_cv_env_PKG_CONFIG_LIBDIR_value=
ac_cv_env_PKG_CONFIG_PATH_set=set
ac_cv_env_PKG_CONFIG_PATH_value=/usr/lib/x86_64-linux-gnu/pkgconfig/
ac_cv_env_PKG_CONFIG_set=
ac_cv_env_PKG_CONFIG_value=
ac_cv_env_build_alias_set=
ac_cv_env_build_alias_value=
ac_cv_env_host_alias_set=
ac_cv_env_host_alias_value=
ac_cv_env_target_alias_set=
ac_cv_env_target_alias_value=
ac_cv_func_chown_works=yes
ac_cv_func_fdatasync=yes
ac_cv_func_ftruncate=yes
ac_cv_func_lstat_dereferences_slashed_symlink=yes
ac_cv_func_malloc_0_nonnull=yes
ac_cv_func_mkdir=yes
ac_cv_func_mkfifo=yes
ac_cv_func_realpath=yes
ac_cv_func_rmdir=yes
ac_cv_func_strerror=yes
ac_cv_func_utime=yes
ac_cv_header_fcntl_h=yes
ac_cv_header_inttypes_h=yes
ac_cv_header_limits_h=yes
ac_cv_header_memory_h=yes
ac_cv_header_stdc=yes
ac_cv_header_stdint_h=yes
ac_cv_header_stdlib_h=yes
ac_cv_header_string_h=yes
ac_cv_header_strings_h=yes
ac_cv_header_sys_stat_h=yes
ac_cv_header_sys_statvfs_h=yes
ac_cv_header_sys_types_h=yes
ac_cv_header_sys_xattr_h=yes
ac_cv_header_unistd_h=yes
ac_cv_header_utime_h=yes
ac_cv_member_struct_stat_st_blksize=yes
ac_cv_member_struct_stat_st_blocks=yes
ac_cv_member_struct_stat_st_rdev=yes
ac_cv_objext=o
ac_cv_path_EGREP='/usr/bin/grep -E'
ac_cv_path_GREP=/usr/bin/grep
ac_cv_path_ac_pt_PKG_CONFIG=/usr/local/bin/pkg-config
ac_cv_path_install='/usr/bin/install -c'
ac_cv_path_mkdir=/usr/bin/mkdir
ac_cv_prog_AWK=gawk
ac_cv_prog_CPP='gcc -E'
ac_cv_prog_ac_ct_CC=gcc
ac_cv_prog_cc_c89=
ac_cv_prog_cc_g=yes
ac_cv_prog_make_make_set=yes
ac_cv_type_mode_t=yes
ac_cv_type_off_t=yes
ac_cv_type_pid_t=yes
ac_cv_type_size_t=yes
ac_cv_type_uid_t=yes
am_cv_CC_dependencies_compiler_type=gcc3
am_cv_make_support_nested_variables=yes
am_cv_prog_cc_c_o=yes
pkg_cv_FUSE_CFLAGS='-D_FILE_OFFSET_BITS=64 -I/usr/include/fuse'
pkg_cv_FUSE_LIBS='-L/usr/lib/x86_64-linux-gnu -lfuse -pthread'

## ----------------- ##
## Output variables. ##
## ----------------- ##

ACLOCAL='${SHELL} '\''/home/dewa251202/repo/sharesp221/dewa251202/fuse-tutorial-2018-02-04/missing'\'' aclocal-1.16'
AMDEPBACKSLASH='\'
AMDEP_FALSE='#'
AMDEP_TRUE=''
AMTAR='$${TAR-tar}'
AM_BACKSLASH='\'
AM_DEFAULT_V='$(AM_DEFAULT_VERBOSITY)'
AM_DEFAULT_VERBOSITY='1'
AM_V='$(V)'
AUTOCONF='${SHELL} '\''/home/dewa251202/repo/sharesp221/dewa251202/fuse-tutorial-2018-02-04/missing'\'' autoconf'
AUTOHEADER='${SHELL} '\''/home/dewa251202/repo/sharesp221/dewa251202/fuse-tutorial-2018-02-04/missing'\'' autoheader'
AUTOMAKE='${SHELL} '\''/home/dewa251202/repo/sharesp221/dewa251202/fuse-tutorial-2018-02-04/missing'\'' automake-1.16'
AWK='gawk'
CC='gcc'
CCDEPMODE='depmode=gcc3'
CFLAGS='-g -O2'
CPP='gcc -E'
CPPFLAGS=''
CYGPATH_W='echo'
DEFS='-DHAVE_CONFIG_H'
DEPDIR='.deps'
ECHO_C=''
ECHO_N='-n'
ECHO_T=''
EGREP='/usr/bin/grep -E'
EXEEXT=''
FUSE_CFLAGS='-D_FILE_OFFSET_BITS=64 -I/usr/include/fuse'
FUSE_LIBS='-L/usr/lib/x86_64-linux-gnu -lfuse -pthread'
GREP='/usr/bin/grep'
INSTALL_DATA='${INSTALL} -m 644'
INSTALL_PROGRAM='${INSTALL}'
INSTALL_SCRIPT='${INSTALL}'
INSTALL_STRIP_PROGRAM='$(install_sh) -c -s'
LDFLAGS=''
LIBOBJS=''
LIBS=''
LTLIBOBJS=''
MAKEINFO='${SHELL} '\''/home/dewa251202/repo/sharesp221/dewa251202/fuse-tutorial-2018-02-04/missing'\'' makeinfo'
MKDIR_P='/usr/bin/mkdir -p'
OBJEXT='o'
PACKAGE='fuse-tutorial'
PACKAGE_BUGREPORT='joseph@pfeifferfamily.net'
PACKAGE_NAME='fuse-tutorial'
PACKAGE_STRING='fuse-tutorial 2018-02-04'
PACKAGE_TARNAME='fuse-tutorial'
PACKAGE_URL=''
PACKAGE_VERSION='2018-02-04'
PATH_SEPARATOR=':'
PKG_CONFIG='/usr/local/bin/pkg-config'
PKG_CONFIG_LIBDIR=''
PKG_CONFIG_PATH='/usr/lib/x86_64-linux-gnu/pkgconfig/'
SET_MAKE=''
SHELL='/bin/sh'
STRIP=''
VERSION='2018-02-04'
ac_ct_CC='gcc'
am__EXEEXT_FALSE=''
am__EXEEXT_TRUE='#'
am__fastdepCC_FALSE='#'
am__fastdepCC_TRUE=''
am__include='include'
am__isrc=''
am__leading_dot='.'
am__nodep='_no'
am__quote=''
am__tar='$${TAR-tar} chof - "$$tardir"'
am__untar='$${TAR-tar} xf -'
bindir='${exec_prefix}/bin'
build_alias=''
datadir='${datarootdir}'
datarootdir='${prefix}/share'
docdir='${datarootdir}/doc/${PACKAGE_TARNAME}'
dvidir='${docdir}'
exec_prefix='${prefix}'
host_alias=''
htmldir='${docdir}'
includedir='${prefix}/include'
infodir='${datarootdir}/info'
install_sh='${SHELL} /home/dewa251202/repo/sharesp221/dewa251202/fuse-tutorial-2018-02-04/install-sh'
libdir='${exec_prefix}/lib'
libexecdir='${exec_prefix}/libexec'
localedir='${datarootdir}/locale'
localstatedir='${prefix}/var'
mandir='${datarootdir}/man'
mkdir_p='$(MKDIR_P)'
oldincludedir='/usr/include'
pdfdir='${docdir}'
prefix='/usr/local'
program_transform_name='s,x,x,'
psdir='${docdir}'
runstatedir='${localstatedir}/run'
sbindir='${exec_prefix}/sbin'
sharedstatedir='${prefix}/com'
sysconfdir='${prefix}/etc'
target_alias=''

## ----------- ##
## confdefs.h. ##
## ----------- ##

/* confdefs.h */
#define PACKAGE_NAME "fuse-tutorial"
#define PACKAGE_TARNAME "fuse-tutorial"
#define PACKAGE_VERSION "2018-02-04"
#define PACKAGE_STRING "fuse-tutorial 2018-02-04"
#define PACKAGE_BUGREPORT "joseph@pfeifferfamily.net"
#define PACKAGE_URL ""
#define PACKAGE "fuse-tutorial"
#define VERSION "2018-02-04"
#define STDC_HEADERS 1
#define HAVE_SYS_TYPES_H 1
#define HAVE_SYS_STAT_H 1
#define HAVE_STDLIB_H 1
#define HAVE_STRING_H 1
#define HAVE_MEMORY_H 1
#define HAVE_STRINGS_H 1
#define HAVE_INTTYPES_H 1
#define HAVE_STDINT_H 1
#define HAVE_UNISTD_H 1
#define HAVE_FCNTL_H 1
#define HAVE_LIMITS_H 1
#define HAVE_STDLIB_H 1
#define HAVE_STRING_H 1
#define HAVE_SYS_STATVFS_H 1
#define HAVE_UNISTD_H 1
#define HAVE_UTIME_H 1
#define HAVE_SYS_XATTR_H 1
#define HAVE_STRUCT_STAT_ST_BLKSIZE 1
#define HAVE_STRUCT_STAT_ST_BLOCKS 1
#define HAVE_ST_BLOCKS 1
#define HAVE_STRUCT_STAT_ST_RDEV 1
#define HAVE_UNISTD_H 1
#define HAVE_CHOWN 1
#define LSTAT_FOLLOWS_SLASHED_SYMLINK 1
#define HAVE_STDLIB_H 1
#define HAVE_MALLOC 1
#define HAVE_FTRUNCATE 1
#define HAVE_MKDIR 1
#define HAVE_MKFIFO 1
#define HAVE_REALPATH 1
#define HAVE_RMDIR 1
#define HAVE_STRERROR 1
#define HAVE_UTIME 1
#define HAVE_FDATASYNC 1

configure: exit 0
